<?xml version="1.0" encoding="UTF-8"?>
<testng-results skipped="0" failed="0" total="4" passed="4">
  <reporter-output>
  </reporter-output>
  <suite name="Regression Suite" duration-ms="45609" started-at="2018-08-10T11:32:08Z" finished-at="2018-08-10T11:32:53Z">
    <groups>
    </groups>
    <test name="MobileRegistrationPage2" duration-ms="24966" started-at="2018-08-10T11:32:08Z" finished-at="2018-08-10T11:32:33Z">
      <class name="com.LaunchDemo">
        <test-method status="PASS" signature="DemoLauch()[pri:0, instance:com.LaunchDemo@26be92ad]" name="DemoLauch" duration-ms="24947" started-at="2018-08-10T17:02:08Z" finished-at="2018-08-10T17:02:33Z">
          <reporter-output>
          </reporter-output>
        </test-method> <!-- DemoLauch -->
      </class> <!-- com.LaunchDemo -->
    </test> <!-- MobileRegistrationPage2 -->
    <test name="MobileRegistrationPage" duration-ms="25048" started-at="2018-08-10T11:32:08Z" finished-at="2018-08-10T11:32:33Z">
      <class name="com.LaunchDemo">
        <test-method status="PASS" signature="DemoLauch()[pri:0, instance:com.LaunchDemo@100fc185]" name="DemoLauch" duration-ms="25031" started-at="2018-08-10T17:02:08Z" finished-at="2018-08-10T17:02:33Z">
          <reporter-output>
          </reporter-output>
        </test-method> <!-- DemoLauch -->
      </class> <!-- com.LaunchDemo -->
    </test> <!-- MobileRegistrationPage -->
    <test name="MobileRegistrationPage4" duration-ms="20451" started-at="2018-08-10T11:32:33Z" finished-at="2018-08-10T11:32:53Z">
      <class name="com.LaunchDemo">
        <test-method status="PASS" signature="DemoLauch()[pri:0, instance:com.LaunchDemo@5e5792a0]" name="DemoLauch" duration-ms="20448" started-at="2018-08-10T17:02:33Z" finished-at="2018-08-10T17:02:53Z">
          <reporter-output>
          </reporter-output>
        </test-method> <!-- DemoLauch -->
      </class> <!-- com.LaunchDemo -->
    </test> <!-- MobileRegistrationPage4 -->
    <test name="MobileRegistrationPage3" duration-ms="20613" started-at="2018-08-10T11:32:33Z" finished-at="2018-08-10T11:32:53Z">
      <class name="com.LaunchDemo">
        <test-method status="PASS" signature="DemoLauch()[pri:0, instance:com.LaunchDemo@28d25987]" name="DemoLauch" duration-ms="20610" started-at="2018-08-10T17:02:33Z" finished-at="2018-08-10T17:02:53Z">
          <reporter-output>
          </reporter-output>
        </test-method> <!-- DemoLauch -->
      </class> <!-- com.LaunchDemo -->
    </test> <!-- MobileRegistrationPage3 -->
  </suite> <!-- Regression Suite -->
</testng-results>
